<?xml version="1.0" encoding="UTF-8"?>
<testsuite name="testSuitTodoIst.TestLoginTodoIst" tests="1" skipped="0" failures="0" errors="0" timestamp="2022-11-14T23:51:34" hostname="JOAQUINESCRITOR" time="33.497">
  <properties/>
  <testcase name="deleteProject()" classname="testSuitTodoIst.TestLoginTodoIst" time="33.497"/>
  <system-out><![CDATA[]]></system-out>
  <system-err><![CDATA[SLF4J: Failed to load class "org.slf4j.impl.StaticLoggerBinder".
SLF4J: Defaulting to no-operation (NOP) logger implementation
SLF4J: See http://www.slf4j.org/codes.html#StaticLoggerBinder for further details.
Starting ChromeDriver 107.0.5304.62 (1eec40d3a5764881c92085aaee66d25075c159aa-refs/branch-heads/5304@{#942}) on port 45070
Only local connections are allowed.
Please see https://chromedriver.chromium.org/security-considerations for suggestions on keeping ChromeDriver safe.
ChromeDriver was started successfully.
nov. 14, 2022 7:51:37 P. M. org.openqa.selenium.devtools.CdpVersionFinder findNearestMatch
ADVERTENCIA: Unable to find an exact match for CDP version 107, so returning the closest version found: 106
]]></system-err>
</testsuite>
